# JRE version: OpenJDK Runtime Environment (8.0_152-b01) (build 1.8.0_152-release-915-b01)
# Java VM: OpenJDK 64-Bit Server VM (25.152-b01 mixed mode windows-amd64 compressed oops)
Heap:
 PSYoungGen      total 470528K, used 213164K [0x00000000e0000000, 0x00000000ffb80000, 0x0000000100000000)
  eden space 427520K, 47% used [0x00000000e0000000,0x00000000ec7e7c88,0x00000000fa180000)
  from space 43008K, 19% used [0x00000000fd180000,0x00000000fd9c33b0,0x00000000ffb80000)
  to   space 46080K, 0% used [0x00000000fa180000,0x00000000fa180000,0x00000000fce80000)
 ParOldGen       total 171520K, used 125604K [0x00000000a0000000, 0x00000000aa780000, 0x00000000e0000000)
  object space 171520K, 73% used [0x00000000a0000000,0x00000000a7aa9058,0x00000000aa780000)
 Metaspace       used 84316K, capacity 90158K, committed 90240K, reserved 1128448K
  class space    used 10606K, capacity 11895K, committed 11904K, reserved 1048576K
GC Heap History (10 events):
Event: 6745.089 GC heap before
{Heap before GC invocations=33 (full 3):
 PSYoungGen      total 472064K, used 427882K [0x00000000e0000000, 0x00000000ffe80000, 0x0000000100000000)
  eden space 421888K, 100% used [0x00000000e0000000,0x00000000f9c00000,0x00000000f9c00000)
  from space 50176K, 11% used [0x00000000f9c00000,0x00000000fa1dab68,0x00000000fcd00000)
  to   space 48640K, 0% used [0x00000000fcf00000,0x00000000fcf00000,0x00000000ffe80000)
 ParOldGen       total 171520K, used 124260K [0x00000000a0000000, 0x00000000aa780000, 0x00000000e0000000)
  object space 171520K, 72% used [0x00000000a0000000,0x00000000a79592c0,0x00000000aa780000)
 Metaspace       used 83374K, capacity 88642K, committed 88832K, reserved 1126400K
  class space    used 10513K, capacity 11691K, committed 11776K, reserved 1048576K
Event: 6745.109 GC heap after
Heap after GC invocations=33 (full 3):
 PSYoungGen      total 465408K, used 39016K [0x00000000e0000000, 0x0000000100000000, 0x0000000100000000)
  eden space 416768K, 0% used [0x00000000e0000000,0x00000000e0000000,0x00000000f9700000)
  from space 48640K, 80% used [0x00000000fcf00000,0x00000000ff51a3f0,0x00000000ffe80000)
  to   space 53760K, 0% used [0x00000000f9700000,0x00000000f9700000,0x00000000fcb80000)
 ParOldGen       total 171520K, used 124268K [0x00000000a0000000, 0x00000000aa780000, 0x00000000e0000000)
  object space 171520K, 72% used [0x00000000a0000000,0x00000000a795b2c0,0x00000000aa780000)
 Metaspace       used 83374K, capacity 88642K, committed 88832K, reserved 1126400K
  class space    used 10513K, capacity 11691K, committed 11776K, reserved 1048576K
}
Event: 6781.179 GC heap before
{Heap before GC invocations=34 (full 3):
 PSYoungGen      total 465408K, used 455690K [0x00000000e0000000, 0x0000000100000000, 0x0000000100000000)
  eden space 416768K, 99% used [0x00000000e0000000,0x00000000f96e8580,0x00000000f9700000)
  from space 48640K, 80% used [0x00000000fcf00000,0x00000000ff51a3f0,0x00000000ffe80000)
  to   space 53760K, 0% used [0x00000000f9700000,0x00000000f9700000,0x00000000fcb80000)
 ParOldGen       total 171520K, used 124268K [0x00000000a0000000, 0x00000000aa780000, 0x00000000e0000000)
  object space 171520K, 72% used [0x00000000a0000000,0x00000000a795b2c0,0x00000000aa780000)
 Metaspace       used 83510K, capacity 88870K, committed 89088K, reserved 1126400K
  class space    used 10527K, capacity 11717K, committed 11776K, reserved 1048576K
Event: 6781.186 GC heap after
Heap after GC invocations=34 (full 3):
 PSYoungGen      total 470528K, used 17039K [0x00000000e0000000, 0x00000000fff00000, 0x0000000100000000)
  eden space 416768K, 0% used [0x00000000e0000000,0x00000000e0000000,0x00000000f9700000)
  from space 53760K, 31% used [0x00000000f9700000,0x00000000fa7a3d18,0x00000000fcb80000)
  to   space 50688K, 0% used [0x00000000fcd80000,0x00000000fcd80000,0x00000000fff00000)
 ParOldGen       total 171520K, used 124276K [0x00000000a0000000, 0x00000000aa780000, 0x00000000e0000000)
  object space 171520K, 72% used [0x00000000a0000000,0x00000000a795d2c0,0x00000000aa780000)
 Metaspace       used 83510K, capacity 88870K, committed 89088K, reserved 1126400K
  class space    used 10527K, capacity 11717K, committed 11776K, reserved 1048576K
}
Event: 6781.255 GC heap before
{Heap before GC invocations=35 (full 3):
 PSYoungGen      total 470528K, used 433473K [0x00000000e0000000, 0x00000000fff00000, 0x0000000100000000)
  eden space 416768K, 99% used [0x00000000e0000000,0x00000000f96ac8f8,0x00000000f9700000)
  from space 53760K, 31% used [0x00000000f9700000,0x00000000fa7a3d18,0x00000000fcb80000)
  to   space 50688K, 0% used [0x00000000fcd80000,0x00000000fcd80000,0x00000000fff00000)
 ParOldGen       total 171520K, used 124276K [0x00000000a0000000, 0x00000000aa780000, 0x00000000e0000000)
  object space 171520K, 72% used [0x00000000a0000000,0x00000000a795d2c0,0x00000000aa780000)
 Metaspace       used 83510K, capacity 88870K, committed 89088K, reserved 1126400K
  class space    used 10527K, capacity 11717K, committed 11776K, reserved 1048576K
Event: 6781.260 GC heap after
Heap after GC invocations=35 (full 3):
 PSYoungGen      total 465408K, used 10511K [0x00000000e0000000, 0x00000000ffa00000, 0x0000000100000000)
  eden space 419840K, 0% used [0x00000000e0000000,0x00000000e0000000,0x00000000f9a00000)
  from space 45568K, 23% used [0x00000000fcd80000,0x00000000fd7c3ca8,0x00000000ffa00000)
  to   space 49152K, 0% used [0x00000000f9a00000,0x00000000f9a00000,0x00000000fca00000)
 ParOldGen       total 171520K, used 124276K [0x00000000a0000000, 0x00000000aa780000, 0x00000000e0000000)
  object space 171520K, 72% used [0x00000000a0000000,0x00000000a795d2c0,0x00000000aa780000)
 Metaspace       used 83510K, capacity 88870K, committed 89088K, reserved 1126400K
  class space    used 10527K, capacity 11717K, committed 11776K, reserved 1048576K
}
Event: 7000.207 GC heap before
{Heap before GC invocations=36 (full 3):
 PSYoungGen      total 465408K, used 430351K [0x00000000e0000000, 0x00000000ffa00000, 0x0000000100000000)
  eden space 419840K, 100% used [0x00000000e0000000,0x00000000f9a00000,0x00000000f9a00000)
  from space 45568K, 23% used [0x00000000fcd80000,0x00000000fd7c3ca8,0x00000000ffa00000)
  to   space 49152K, 0% used [0x00000000f9a00000,0x00000000f9a00000,0x00000000fca00000)
 ParOldGen       total 171520K, used 124276K [0x00000000a0000000, 0x00000000aa780000, 0x00000000e0000000)
  object space 171520K, 72% used [0x00000000a0000000,0x00000000a795d2c0,0x00000000aa780000)
 Metaspace       used 83900K, capacity 89442K, committed 89728K, reserved 1126400K
  class space    used 10561K, capacity 11799K, committed 11904K, reserved 1048576K
Event: 7000.214 GC heap after
Heap after GC invocations=36 (full 3):
 PSYoungGen      total 468992K, used 6867K [0x00000000e0000000, 0x0000000100000000, 0x0000000100000000)
  eden space 419840K, 0% used [0x00000000e0000000,0x00000000e0000000,0x00000000f9a00000)
  from space 49152K, 13% used [0x00000000f9a00000,0x00000000fa0b4e70,0x00000000fca00000)
  to   space 47616K, 0% used [0x00000000fd180000,0x00000000fd180000,0x0000000100000000)
 ParOldGen       total 171520K, used 125596K [0x00000000a0000000, 0x00000000aa780000, 0x00000000e0000000)
  object space 171520K, 73% used [0x00000000a0000000,0x00000000a7aa7058,0x00000000aa780000)
 Metaspace       used 83900K, capacity 89442K, committed 89728K, reserved 1126400K
  class space    used 10561K, capacity 11799K, committed 11904K, reserved 1048576K
}
Event: 15205.211 GC heap before
{Heap before GC invocations=37 (full 3):
 PSYoungGen      total 468992K, used 426007K [0x00000000e0000000, 0x0000000100000000, 0x0000000100000000)
  eden space 419840K, 99% used [0x00000000e0000000,0x00000000f9951158,0x00000000f9a00000)
  from space 49152K, 13% used [0x00000000f9a00000,0x00000000fa0b4e70,0x00000000fca00000)
  to   space 47616K, 0% used [0x00000000fd180000,0x00000000fd180000,0x0000000100000000)
 ParOldGen       total 171520K, used 125596K [0x00000000a0000000, 0x00000000aa780000, 0x00000000e0000000)
  object space 171520K, 73% used [0x00000000a0000000,0x00000000a7aa7058,0x00000000aa780000)
 Metaspace       used 84270K, capacity 90088K, committed 90240K, reserved 1128448K
  class space    used 10605K, capacity 11894K, committed 11904K, reserved 1048576K
Event: 15205.234 GC heap after
Heap after GC invocations=37 (full 3):
 PSYoungGen      total 470528K, used 8460K [0x00000000e0000000, 0x00000000ffb80000, 0x0000000100000000)
  eden space 427520K, 0% used [0x00000000e0000000,0x00000000e0000000,0x00000000fa180000)
  from space 43008K, 19% used [0x00000000fd180000,0x00000000fd9c33b0,0x00000000ffb80000)
  to   space 46080K, 0% used [0x00000000fa180000,0x00000000fa180000,0x00000000fce80000)
 ParOldGen       total 171520K, used 125604K [0x00000000a0000000, 0x00000000aa780000, 0x00000000e0000000)
  object space 171520K, 73% used [0x00000000a0000000,0x00000000a7aa9058,0x00000000aa780000)
 Metaspace       used 84270K, capacity 90088K, committed 90240K, reserved 1128448K
  class space    used 10605K, capacity 11894K, committed 11904K, reserved 1048576K
}

